[0.027s] Invoking command in '/home/avees/coordinator/build/coordinator': CMAKE_PREFIX_PATH=${CMAKE_PREFIX_PATH}:/opt/ros/foxy /usr/bin/cmake --build /home/avees/coordinator/build/coordinator -- -j6 -l6
[0.319s] [35m[1mScanning dependencies of target coordinator_node[0m
[0.414s] [  3%] [32mBuilding CXX object CMakeFiles/coordinator_node.dir/src/coordinator.cpp.o[0m
[4.863s] [01m[K/home/avees/coordinator/src/coordinator.cpp:[m[K In lambda function:
[4.863s] [01m[K/home/avees/coordinator/src/coordinator.cpp:39:35:[m[K [01;31m[Kerror: [m[Kâ€˜[01m[Kready_waiting_[m[Kâ€™ was not declared in this scope
[4.863s]    39 |                 if (msg->data && ![01;31m[Kready_waiting_[m[K)
[4.863s]       |                                   [01;31m[K^~~~~~~~~~~~~~[m[K
[4.871s] [01m[K/home/avees/coordinator/src/coordinator.cpp:44:9:[m[K [01;31m[Kerror: [m[Kâ€˜[01m[Kready_wait_timer_[m[Kâ€™ was not declared in this scope
[4.871s]    44 |         [01;31m[Kready_wait_timer_[m[K = this->create_wall_timer(
[4.872s]       |         [01;31m[K^~~~~~~~~~~~~~~~~[m[K
[4.872s] [01m[K/home/avees/coordinator/src/coordinator.cpp:[m[K In lambda function:
[4.872s] [01m[K/home/avees/coordinator/src/coordinator.cpp:49:17:[m[K [01;31m[Kerror: [m[Kâ€˜[01m[Kready_waiting_[m[Kâ€™ is not captured
[4.872s]    49 |                 [01;31m[Kready_waiting_[m[K = false;
[4.873s]       |                 [01;31m[K^~~~~~~~~~~~~~[m[K
[4.873s] [01m[K/home/avees/coordinator/src/coordinator.cpp:46:18:[m[K [01;36m[Knote: [m[Kthe lambda has no capture-default
[4.873s]    46 |             [this[01;36m[K][m[K()
[4.873s]       |                  [01;36m[K^[m[K
[4.873s] [01m[K/home/avees/coordinator/src/coordinator.cpp:39:35:[m[K [01;36m[Knote: [m[Kâ€˜[01m[K<typeprefixerror>ready_waiting_[m[Kâ€™ declared here
[4.874s]    39 |                 if (msg->data && ![01;36m[Kready_waiting_[m[K)
[4.874s]       |                                   [01;36m[K^~~~~~~~~~~~~~[m[K
[4.874s] [01m[K/home/avees/coordinator/src/coordinator.cpp:50:17:[m[K [01;31m[Kerror: [m[Kâ€˜[01m[Kready_wait_timer_[m[Kâ€™ is not captured
[4.874s]    50 |                 [01;31m[Kready_wait_timer_[m[K->cancel();
[4.875s]       |                 [01;31m[K^~~~~~~~~~~~~~~~~[m[K
[4.875s] [01m[K/home/avees/coordinator/src/coordinator.cpp:46:18:[m[K [01;36m[Knote: [m[Kthe lambda has no capture-default
[4.875s]    46 |             [this[01;36m[K][m[K()
[4.875s]       |                  [01;36m[K^[m[K
[4.875s] [01m[K/home/avees/coordinator/src/coordinator.cpp:44:9:[m[K [01;36m[Knote: [m[Kâ€˜[01m[K<typeprefixerror>ready_wait_timer_[m[Kâ€™ declared here
[4.876s]    44 |         [01;36m[Kready_wait_timer_[m[K = this->create_wall_timer(
[4.876s]       |         [01;36m[K^~~~~~~~~~~~~~~~~[m[K
[9.926s] make[2]: *** [CMakeFiles/coordinator_node.dir/build.make:76: CMakeFiles/coordinator_node.dir/src/coordinator.cpp.o] Error 1
[9.927s] make[1]: *** [CMakeFiles/Makefile2:78: CMakeFiles/coordinator_node.dir/all] Error 2
[9.928s] make: *** [Makefile:141: all] Error 2
[9.934s] Invoked command in '/home/avees/coordinator/build/coordinator' returned '2': CMAKE_PREFIX_PATH=${CMAKE_PREFIX_PATH}:/opt/ros/foxy /usr/bin/cmake --build /home/avees/coordinator/build/coordinator -- -j6 -l6
