[35m[1mScanning dependencies of target coordinator_node[0m
[  6%] [32mBuilding CXX object CMakeFiles/coordinator_node.dir/src/coordinator.cpp.o[0m
[  6%] [32mBuilding CXX object CMakeFiles/coordinator_node.dir/src/main.cpp.o[0m
[01m[K/home/avees/coordinator/src/coordinator.cpp:[m[K In member function â€˜[01m[Kstd::vector<int> Coordinator::get_N_alive()[m[Kâ€™:
[01m[K/home/avees/coordinator/src/coordinator.cpp:76:23:[m[K [01;31m[Kerror: [m[Kâ€˜[01m[KHB_TIMEOUT_MS[m[Kâ€™ was not declared in this scope
   76 |         if (elapsed < [01;31m[KHB_TIMEOUT_MS[m[K)
      |                       [01;31m[K^~~~~~~~~~~~~[m[K
[01m[K/home/avees/coordinator/src/coordinator.cpp:[m[K In member function â€˜[01m[Kstd::vector<int> Coordinator::get_N_available()[m[Kâ€™:
[01m[K/home/avees/coordinator/src/coordinator.cpp:103:10:[m[K [01;31m[Kerror: [m[Kâ€˜[01m[Kunordered_set[m[Kâ€™ is not a member of â€˜[01m[Kstd[m[Kâ€™
  103 |     std::[01;31m[Kunordered_set[m[K<int> ready_set(n_ready.begin(), n_ready.end());
      |          [01;31m[K^~~~~~~~~~~~~[m[K
[01m[K/home/avees/coordinator/src/coordinator.cpp:2:1:[m[K [01;36m[Knote: [m[Kâ€˜[01m[Kstd::unordered_set[m[Kâ€™ is defined in header â€˜[01m[K<unordered_set>[m[Kâ€™; did you forget to â€˜[01m[K#include <unordered_set>[m[Kâ€™?
    1 | #include "coordinator/coordinator.hpp"
  +++ |+[32m[K#include <unordered_set>[m[K
    2 | 
[01m[K/home/avees/coordinator/src/coordinator.cpp:103:24:[m[K [01;31m[Kerror: [m[Kexpected primary-expression before â€˜[01m[Kint[m[Kâ€™
  103 |     std::unordered_set<[01;31m[Kint[m[K> ready_set(n_ready.begin(), n_ready.end());
      |                        [01;31m[K^~~[m[K
[01m[K/home/avees/coordinator/src/coordinator.cpp:108:29:[m[K [01;31m[Kerror: [m[Kâ€˜[01m[Kready_set[m[Kâ€™ was not declared in this scope
  108 |         if (node_id <= 4 && [01;31m[Kready_set[m[K.count(node_id))
      |                             [01;31m[K^~~~~~~~~[m[K
make[2]: *** [CMakeFiles/coordinator_node.dir/build.make:76: CMakeFiles/coordinator_node.dir/src/coordinator.cpp.o] Error 1
make[1]: *** [CMakeFiles/Makefile2:78: CMakeFiles/coordinator_node.dir/all] Error 2
make: *** [Makefile:141: all] Error 2
