[0.024s] Invoking command in '/home/avees/coordinator/build/coordinator': CMAKE_PREFIX_PATH=${CMAKE_PREFIX_PATH}:/opt/ros/foxy /usr/bin/cmake --build /home/avees/coordinator/build/coordinator -- -j6 -l6
[0.127s] [35m[1mScanning dependencies of target coordinator_node[0m
[0.206s] [  3%] [32mBuilding CXX object CMakeFiles/coordinator_node.dir/src/coordinator.cpp.o[0m
[4.468s] [01m[K/home/avees/coordinator/src/coordinator.cpp:[m[K In constructor â€˜[01m[KCoordinator::Coordinator()[m[Kâ€™:
[4.468s] [01m[K/home/avees/coordinator/src/coordinator.cpp:41:3:[m[K [01;31m[Kerror: [m[Kâ€˜[01m[Kroi_publishers_[m[Kâ€™ was not declared in this scope; did you mean â€˜[01m[Kroi_publisher_[m[Kâ€™?
[4.468s]    41 |   [01;31m[Kroi_publishers_[m[K[i] = this->create_publisher<std_msgs::msg::Int32MultiArray>(topic, 10);
[4.469s]       |   [01;31m[K^~~~~~~~~~~~~~~[m[K
[4.469s]       |   [32m[Kroi_publisher_[m[K
[4.518s] [01m[K/home/avees/coordinator/src/coordinator.cpp:[m[K In member function â€˜[01m[Kvoid Coordinator::split_scheduling()[m[Kâ€™:
[4.518s] [01m[K/home/avees/coordinator/src/coordinator.cpp:198:31:[m[K [01;31m[Kerror: [m[Kâ€˜[01m[Kmsgs[m[Kâ€™ is not a member of â€˜[01m[Kstd[m[Kâ€™
[4.519s]   198 |  std::unordered_map<int, std::[01;31m[Kmsgs[m[K::msg::Int32MultiArray> roi_msgs;
[4.519s]       |                               [01;31m[K^~~~[m[K
[4.519s] [01m[K/home/avees/coordinator/src/coordinator.cpp:198:57:[m[K [01;31m[Kerror: [m[Ktemplate argument 2 is invalid
[4.519s]   198 |  std::unordered_map<int, std::msgs::msg::Int32MultiArray[01;31m[K>[m[K roi_msgs;
[4.519s]       |                                                         [01;31m[K^[m[K
[4.519s] [01m[K/home/avees/coordinator/src/coordinator.cpp:198:57:[m[K [01;31m[Kerror: [m[Ktemplate argument 5 is invalid
[4.520s] [01m[K/home/avees/coordinator/src/coordinator.cpp:213:32:[m[K [01;31m[Kerror: [m[Kinvalid types â€˜[01m[Kint[int][m[Kâ€™ for array subscript
[4.520s]   213 |             roi_msgs[node_index[01;31m[K][m[K = roi_msg;
[4.520s]       |                                [01;31m[K^[m[K
[4.527s] [01m[K/home/avees/coordinator/src/coordinator.cpp:227:42:[m[K [01;31m[Kerror: [m[Kâ€˜[01m[Kroi_messages[m[Kâ€™ was not declared in this scope; did you mean â€˜[01m[Kroi_msgs[m[Kâ€™?
[4.527s]   227 |     for (const auto& [node_index, msg] : [01;31m[Kroi_messages[m[K)
[4.527s]       |                                          [01;31m[K^~~~~~~~~~~~[m[K
[4.527s]       |                                          [32m[Kroi_msgs[m[K
[4.530s] [01m[K/home/avees/coordinator/src/coordinator.cpp:229:13:[m[K [01;31m[Kerror: [m[Kâ€˜[01m[Kroi_publishers_[m[Kâ€™ was not declared in this scope; did you mean â€˜[01m[Kroi_publisher_[m[Kâ€™?
[4.530s]   229 |         if ([01;31m[Kroi_publishers_[m[K.count(node_index))
[4.531s]       |             [01;31m[K^~~~~~~~~~~~~~~[m[K
[4.531s]       |             [32m[Kroi_publisher_[m[K
[9.430s] make[2]: *** [CMakeFiles/coordinator_node.dir/build.make:76: CMakeFiles/coordinator_node.dir/src/coordinator.cpp.o] Error 1
[9.431s] make[1]: *** [CMakeFiles/Makefile2:78: CMakeFiles/coordinator_node.dir/all] Error 2
[9.432s] make: *** [Makefile:141: all] Error 2
[9.439s] Invoked command in '/home/avees/coordinator/build/coordinator' returned '2': CMAKE_PREFIX_PATH=${CMAKE_PREFIX_PATH}:/opt/ros/foxy /usr/bin/cmake --build /home/avees/coordinator/build/coordinator -- -j6 -l6
