[0.023s] Invoking command in '/home/avees/coordinator/build/coordinator': CMAKE_PREFIX_PATH=${CMAKE_PREFIX_PATH}:/opt/ros/foxy /usr/bin/cmake --build /home/avees/coordinator/build/coordinator -- -j6 -l6
[0.123s] [35m[1mScanning dependencies of target coordinator_node[0m
[0.202s] [  3%] [32mBuilding CXX object CMakeFiles/coordinator_node.dir/src/coordinator.cpp.o[0m
[4.317s] [01m[K/home/avees/coordinator/src/coordinator.cpp:[m[K In member function â€˜[01m[Kvoid Coordinator::LoadParams()[m[Kâ€™:
[4.318s] [01m[K/home/avees/coordinator/src/coordinator.cpp:29:3:[m[K [01;31m[Kerror: [m[Kâ€˜[01m[Kfps_[m[Kâ€™ was not declared in this scope; did you mean â€˜[01m[Kfpos_t[m[Kâ€™?
[4.318s]    29 |   [01;31m[Kfps_[m[K = this->declare_parameter("AcquisitionFrameRateAbs", 30);
[4.318s]       |   [01;31m[K^~~~[m[K
[4.318s]       |   [32m[Kfpos_t[m[K
[9.027s] make[2]: *** [CMakeFiles/coordinator_node.dir/build.make:76: CMakeFiles/coordinator_node.dir/src/coordinator.cpp.o] Error 1
[9.027s] make[1]: *** [CMakeFiles/Makefile2:78: CMakeFiles/coordinator_node.dir/all] Error 2
[9.028s] make: *** [Makefile:141: all] Error 2
[9.033s] Invoked command in '/home/avees/coordinator/build/coordinator' returned '2': CMAKE_PREFIX_PATH=${CMAKE_PREFIX_PATH}:/opt/ros/foxy /usr/bin/cmake --build /home/avees/coordinator/build/coordinator -- -j6 -l6
