[0.025s] Invoking command in '/home/avees/coordinator/build/coordinator': /usr/bin/cmake --build /home/avees/coordinator/build/coordinator -- -j6 -l6
[0.085s] -- Found ament_cmake: 0.9.12 (/opt/ros/foxy/share/ament_cmake/cmake)
[0.127s] -- Using PYTHON_EXECUTABLE: /usr/bin/python3
[0.495s] -- Found rclcpp: 2.4.3 (/opt/ros/foxy/share/rclcpp/cmake)
[0.555s] -- Using all available rosidl_typesupport_c: rosidl_typesupport_fastrtps_c;rosidl_typesupport_introspection_c
[0.561s] -- Found rosidl_adapter: 1.3.1 (/opt/ros/foxy/share/rosidl_adapter/cmake)
[0.779s] -- Using all available rosidl_typesupport_cpp: rosidl_typesupport_fastrtps_cpp;rosidl_typesupport_introspection_cpp
[0.869s] -- Found rmw_implementation_cmake: 1.0.4 (/opt/ros/foxy/share/rmw_implementation_cmake/cmake)
[0.871s] -- Using RMW implementation 'rmw_fastrtps_cpp' as default
[1.122s] -- Found sensor_msgs: 2.0.5 (/opt/ros/foxy/share/sensor_msgs/cmake)
[1.321s] -- Found camera_info_manager: 2.4.0 (/opt/ros/foxy/share/camera_info_manager/cmake)
[1.355s] -- Setting yaml-cpp_DIR to: '/opt/ros/foxy/share/yaml_cpp_vendor/cmake/../../../opt/yaml_cpp_vendor/lib/cmake/yaml-cpp'
[1.429s] -- Found diagnostic_msgs: 2.0.5 (/opt/ros/foxy/share/diagnostic_msgs/cmake)
[1.488s] -- Found image_transport: 2.4.0 (/opt/ros/foxy/share/image_transport/cmake)
[1.555s] -- Found cv_bridge: 3.0.7 (/opt/ros/foxy/share/cv_bridge/cmake)
[1.672s] -- Found ament_lint_auto: 0.9.8 (/opt/ros/foxy/share/ament_lint_auto/cmake)
[1.764s] Error parsing '/home/avees/coordinator/package.xml':
[1.988s] Traceback (most recent call last):
[1.988s]   File "/opt/ros/foxy/share/ament_cmake_core/cmake/core/package_xml_2_cmake.py", line 143, in <module>
[1.988s]     main()
[1.989s]   File "/opt/ros/foxy/share/ament_cmake_core/cmake/core/package_xml_2_cmake.py", line 52, in main
[1.989s]     raise e
[1.989s]   File "/opt/ros/foxy/share/ament_cmake_core/cmake/core/package_xml_2_cmake.py", line 48, in main
[1.989s]     package = parse_package_string(
[1.989s]   File "/usr/lib/python3/dist-packages/catkin_pkg/package.py", line 786, in parse_package_string
[1.989s]     raise InvalidPackage('Error(s):%s' % (''.join(['\n- %s' % e for e in errors])), filename)
[1.989s] catkin_pkg.package.InvalidPackage: Error(s) in package '/home/avees/coordinator/package.xml':
[1.989s] Error(s):
[1.990s] - The manifest of package "coordinator" (with format version 3) must not contain the following tags: install
[2.050s] CMake Error at /opt/ros/foxy/share/ament_cmake_core/cmake/core/ament_package_xml.cmake:94 (message):
[2.051s]   execute_process(/usr/bin/python3
[2.051s]   /opt/ros/foxy/share/ament_cmake_core/cmake/core/package_xml_2_cmake.py
[2.051s]   /home/avees/coordinator/package.xml
[2.051s]   /home/avees/coordinator/build/coordinator/ament_cmake_core/package.cmake)
[2.051s]   returned error code 1
[2.051s] Call Stack (most recent call first):
[2.051s]   /opt/ros/foxy/share/ament_cmake_core/cmake/core/ament_package_xml.cmake:49 (_ament_package_xml)
[2.051s]   /opt/ros/foxy/share/ament_lint_auto/cmake/ament_lint_auto_find_test_dependencies.cmake:31 (ament_package_xml)
[2.051s]   CMakeLists.txt:66 (ament_lint_auto_find_test_dependencies)
[2.052s] 
[2.052s] 
[2.055s] -- Configuring incomplete, errors occurred!
[2.056s] See also "/home/avees/coordinator/build/coordinator/CMakeFiles/CMakeOutput.log".
[2.056s] See also "/home/avees/coordinator/build/coordinator/CMakeFiles/CMakeError.log".
[2.074s] make: *** [Makefile:1136: cmake_check_build_system] Error 1
[2.078s] Invoked command in '/home/avees/coordinator/build/coordinator' returned '2': /usr/bin/cmake --build /home/avees/coordinator/build/coordinator -- -j6 -l6
