[0.033s] Invoking command in '/home/avees/coordinator_node/build/coordinator': CMAKE_PREFIX_PATH=${CMAKE_PREFIX_PATH}:/opt/ros/foxy /usr/bin/cmake --build /home/avees/coordinator_node/build/coordinator -- -j6 -l6
[0.147s] [35m[1mScanning dependencies of target coordinator_node[0m
[0.265s] [  3%] [32mBuilding CXX object CMakeFiles/coordinator_node.dir/src/main.cpp.o[0m
[0.266s] [  6%] [32mBuilding CXX object CMakeFiles/coordinator_node.dir/src/coordinator.cpp.o[0m
[7.598s] [01m[K/home/avees/coordinator_node/src/coordinator/src/coordinator.cpp:[m[K In lambda function:
[7.598s] [01m[K/home/avees/coordinator_node/src/coordinator/src/coordinator.cpp:66:33:[m[K [01;31m[Kerror: [m[Kâ€˜[01m[Kcurrent_frame_ns_[m[Kâ€™ was not declared in this scope; did you mean â€˜[01m[Kcurrent_frame_[m[Kâ€™?
[7.598s]    66 |                                 [01;31m[Kcurrent_frame_ns_[m[K = 0;
[7.599s]       |                                 [01;31m[K^~~~~~~~~~~~~~~~~[m[K
[7.599s]       |                                 [32m[Kcurrent_frame_[m[K
[7.611s] [01m[K/home/avees/coordinator_node/src/coordinator/src/coordinator.cpp:86:29:[m[K [01;31m[Kerror: [m[Kâ€˜[01m[Kcurrent_frame_ns_[m[Kâ€™ was not declared in this scope; did you mean â€˜[01m[Kcurrent_frame_[m[Kâ€™?
[7.612s]    86 |                             [01;31m[Kcurrent_frame_ns_[m[K = 0;
[7.612s]       |                             [01;31m[K^~~~~~~~~~~~~~~~~[m[K
[7.612s]       |                             [32m[Kcurrent_frame_[m[K
[7.666s] [01m[K/home/avees/coordinator_node/src/coordinator/src/coordinator.cpp:[m[K In member function â€˜[01m[Kvoid Coordinator::split_scheduling(const std::vector<int>&, uint64_t)[m[Kâ€™:
[7.666s] [01m[K/home/avees/coordinator_node/src/coordinator/src/coordinator.cpp:251:23:[m[K [01;35m[Kwarning: [m[Kcomparison of integer expressions of different signedness: â€˜[01m[Kint[m[Kâ€™ and â€˜[01m[Kstd::vector<int>::size_type[m[Kâ€™ {aka â€˜[01m[Klong unsigned int[m[Kâ€™} [[01;35m[K-Wsign-compare[m[K]
[7.667s]   251 |     for (int i = 0; [01;35m[Ki < avail_nodes.size()[m[K; i++) {
[7.667s]       |                     [01;35m[K~~^~~~~~~~~~~~~~~~~~~~[m[K
[7.681s] [01m[K/home/avees/coordinator_node/src/coordinator/src/coordinator.cpp:292:26:[m[K [01;35m[Kwarning: [m[Knarrowing conversion of â€˜[01m[Kframe_time[m[Kâ€™ from â€˜[01m[Kuint64_t[m[Kâ€™ {aka â€˜[01m[Klong unsigned int[m[Kâ€™} to â€˜[01m[Klong int[m[Kâ€™ [[01;35m[K-Wnarrowing[m[K]
[7.681s]   292 |             roi_.data = {[01;35m[Kframe_time[m[K, x_offset, y_offset, w_offset, h_offset};
[7.681s]       |                          [01;35m[K^~~~~~~~~~[m[K
[7.681s] [01m[K/home/avees/coordinator_node/src/coordinator/src/coordinator.cpp:292:26:[m[K [01;35m[Kwarning: [m[Knarrowing conversion of â€˜[01m[Kframe_time[m[Kâ€™ from â€˜[01m[Kuint64_t[m[Kâ€™ {aka â€˜[01m[Klong unsigned int[m[Kâ€™} to â€˜[01m[Klong int[m[Kâ€™ [[01;35m[K-Wnarrowing[m[K]
[7.686s] [01m[K/home/avees/coordinator_node/src/coordinator/src/coordinator.cpp:296:66:[m[K [01;35m[Kwarning: [m[Knarrowing conversion of â€˜[01m[Kframe_time[m[Kâ€™ from â€˜[01m[Kuint64_t[m[Kâ€™ {aka â€˜[01m[Klong unsigned int[m[Kâ€™} to â€˜[01m[Klong int[m[Kâ€™ [[01;35m[K-Wnarrowing[m[K]
[7.687s]   296 |             total_roi_msg.data.insert(total_roi_msg.data.end(), {[01;35m[Kframe_time[m[K, x_offset, y_offset, w_offset, h_offset});
[7.687s]       |                                                                  [01;35m[K^~~~~~~~~~[m[K
[7.687s] [01m[K/home/avees/coordinator_node/src/coordinator/src/coordinator.cpp:296:66:[m[K [01;35m[Kwarning: [m[Knarrowing conversion of â€˜[01m[Kframe_time[m[Kâ€™ from â€˜[01m[Kuint64_t[m[Kâ€™ {aka â€˜[01m[Klong unsigned int[m[Kâ€™} to â€˜[01m[Klong int[m[Kâ€™ [[01;35m[K-Wnarrowing[m[K]
[14.714s] make[2]: *** [CMakeFiles/coordinator_node.dir/build.make:76: CMakeFiles/coordinator_node.dir/src/coordinator.cpp.o] Error 1
[14.715s] make[1]: *** [CMakeFiles/Makefile2:78: CMakeFiles/coordinator_node.dir/all] Error 2
[14.715s] make: *** [Makefile:141: all] Error 2
[14.721s] Invoked command in '/home/avees/coordinator_node/build/coordinator' returned '2': CMAKE_PREFIX_PATH=${CMAKE_PREFIX_PATH}:/opt/ros/foxy /usr/bin/cmake --build /home/avees/coordinator_node/build/coordinator -- -j6 -l6
