[01m[K/home/avees/coordinator_node/src/coordinator/src/coordinator.cpp:[m[K In member function â€˜[01m[Kvoid Coordinator::start_frame_snapshot_locked(const rclcpp::Time&)[m[Kâ€™:
[01m[K/home/avees/coordinator_node/src/coordinator/src/coordinator.cpp:153:24:[m[K [01;31m[Kerror: [m[Kâ€˜[01m[Kinclude_agg_in_sync_[m[Kâ€™ was not declared in this scope
  153 |     const int max_id = [01;31m[Kinclude_agg_in_sync_[m[K ? 5 : 4;
      |                        [01;31m[K^~~~~~~~~~~~~~~~~~~~[m[K
make[2]: *** [CMakeFiles/coordinator_node.dir/build.make:76: CMakeFiles/coordinator_node.dir/src/coordinator.cpp.o] Error 1
make[1]: *** [CMakeFiles/Makefile2:78: CMakeFiles/coordinator_node.dir/all] Error 2
make: *** [Makefile:141: all] Error 2
