[35m[1mScanning dependencies of target coordinator_node[0m
[  6%] [32mBuilding CXX object CMakeFiles/coordinator_node.dir/src/main.cpp.o[0m
[  6%] [32mBuilding CXX object CMakeFiles/coordinator_node.dir/src/coordinator.cpp.o[0m
[01m[K/home/avees/coordinator/src/coordinator.cpp:[m[K In lambda function:
[01m[K/home/avees/coordinator/src/coordinator.cpp:21:21:[m[K [01;31m[Kerror: [m[Kâ€˜[01m[Klast_hb_map_[m[Kâ€™ was not declared in this scope
   21 |                     [01;31m[Klast_hb_map_[m[K[node_id] = this->get_clock()->now();
      |                     [01;31m[K^~~~~~~~~~~~[m[K
[01m[K/home/avees/coordinator/src/coordinator.cpp:22:21:[m[K [01;31m[Kerror: [m[Kâ€˜[01m[Kupdate_available_nodes[m[Kâ€™ was not declared in this scope
   22 |                     [01;31m[Kupdate_available_nodes[m[K();
      |                     [01;31m[K^~~~~~~~~~~~~~~~~~~~~~[m[K
[01m[K/home/avees/coordinator/src/coordinator.cpp:[m[K In lambda function:
[01m[K/home/avees/coordinator/src/coordinator.cpp:35:17:[m[K [01;31m[Kerror: [m[Kâ€˜[01m[Kready_map_[m[Kâ€™ was not declared in this scope
   35 |                 [01;31m[Kready_map_[m[K[node_id] = msg->data;
      |                 [01;31m[K^~~~~~~~~~[m[K
[01m[K/home/avees/coordinator/src/coordinator.cpp:[m[K In lambda function:
[01m[K/home/avees/coordinator/src/coordinator.cpp:45:17:[m[K [01;31m[Kerror: [m[Kâ€˜[01m[Kupdate_available_nodes[m[Kâ€™ was not declared in this scope
   45 |                 [01;31m[Kupdate_available_nodes[m[K();  // ê°€ìž¥ ìµœì‹  frame ì •ë³´ ì‚¬ìš©
      |                 [01;31m[K^~~~~~~~~~~~~~~~~~~~~~[m[K
[01m[K/home/avees/coordinator/src/coordinator.cpp:[m[K At global scope:
[01m[K/home/avees/coordinator/src/coordinator.cpp:90:6:[m[K [01;31m[Kerror: [m[Kno declaration matches â€˜[01m[Kvoid Coordinator::update_available_nodes()[m[Kâ€™
   90 | void [01;31m[KCoordinator[m[K::update_available_nodes()
      |      [01;31m[K^~~~~~~~~~~[m[K
[01m[K/home/avees/coordinator/src/coordinator.cpp:90:6:[m[K [01;36m[Knote: [m[Kno functions named â€˜[01m[Kvoid Coordinator::update_available_nodes()[m[Kâ€™
In file included from [01m[K/home/avees/coordinator/src/coordinator.cpp:1[m[K:
[01m[K/home/avees/coordinator/include/coordinator/coordinator.hpp:26:7:[m[K [01;36m[Knote: [m[Kâ€˜[01m[Kclass Coordinator[m[Kâ€™ defined here
   26 | class [01;36m[KCoordinator[m[K : public rclcpp::Node, public std::enable_shared_from_this<Coordinator>
      |       [01;36m[K^~~~~~~~~~~[m[K
[01m[K/home/avees/coordinator/src/coordinator.cpp:[m[K In member function â€˜[01m[Kvoid Coordinator::split_scheduling()[m[Kâ€™:
[01m[K/home/avees/coordinator/src/coordinator.cpp:212:24:[m[K [01;31m[Kerror: [m[Kâ€˜[01m[Kcached_available_nodes_[m[Kâ€™ was not declared in this scope
  212 |     auto avail_nodes = [01;31m[Kcached_available_nodes_[m[K;
      |                        [01;31m[K^~~~~~~~~~~~~~~~~~~~~~~[m[K
[01m[K/home/avees/coordinator/src/coordinator.cpp:257:17:[m[K [01;31m[Kerror: [m[Kâ€˜[01m[Kready_map_[m[Kâ€™ was not declared in this scope
  257 |             if ([01;31m[Kready_map_[m[K.find(node_index) != ready_map_.end())
      |                 [01;31m[K^~~~~~~~~~[m[K
make[2]: *** [CMakeFiles/coordinator_node.dir/build.make:76: CMakeFiles/coordinator_node.dir/src/coordinator.cpp.o] Error 1
make[1]: *** [CMakeFiles/Makefile2:78: CMakeFiles/coordinator_node.dir/all] Error 2
make: *** [Makefile:141: all] Error 2
