[0.025s] Invoking command in '/home/avees/coordinator/build/coordinator': CMAKE_PREFIX_PATH=/opt/ros/foxy /usr/bin/cmake --build /home/avees/coordinator/build/coordinator -- -j6 -l6
[0.230s] [35m[1mScanning dependencies of target coordinator_node[0m
[0.324s] [  6%] [32mBuilding CXX object CMakeFiles/coordinator_node.dir/src/main.cpp.o[0m
[0.324s] [  6%] [32mBuilding CXX object CMakeFiles/coordinator_node.dir/src/coordinator.cpp.o[0m
[5.575s] [01m[K/home/avees/coordinator/src/coordinator.cpp:[m[K In lambda function:
[5.575s] [01m[K/home/avees/coordinator/src/coordinator.cpp:21:21:[m[K [01;31m[Kerror: [m[Kâ€˜[01m[Klast_hb_map_[m[Kâ€™ was not declared in this scope
[5.576s]    21 |                     [01;31m[Klast_hb_map_[m[K[node_id] = this->get_clock()->now();
[5.576s]       |                     [01;31m[K^~~~~~~~~~~~[m[K
[5.588s] [01m[K/home/avees/coordinator/src/coordinator.cpp:22:21:[m[K [01;31m[Kerror: [m[Kâ€˜[01m[Kupdate_available_nodes[m[Kâ€™ was not declared in this scope
[5.589s]    22 |                     [01;31m[Kupdate_available_nodes[m[K();
[5.589s]       |                     [01;31m[K^~~~~~~~~~~~~~~~~~~~~~[m[K
[5.613s] [01m[K/home/avees/coordinator/src/coordinator.cpp:[m[K In lambda function:
[5.613s] [01m[K/home/avees/coordinator/src/coordinator.cpp:35:17:[m[K [01;31m[Kerror: [m[Kâ€˜[01m[Kready_map_[m[Kâ€™ was not declared in this scope
[5.614s]    35 |                 [01;31m[Kready_map_[m[K[node_id] = msg->data;
[5.614s]       |                 [01;31m[K^~~~~~~~~~[m[K
[5.630s] [01m[K/home/avees/coordinator/src/coordinator.cpp:[m[K In lambda function:
[5.630s] [01m[K/home/avees/coordinator/src/coordinator.cpp:45:17:[m[K [01;31m[Kerror: [m[Kâ€˜[01m[Kupdate_available_nodes[m[Kâ€™ was not declared in this scope
[5.630s]    45 |                 [01;31m[Kupdate_available_nodes[m[K();  // ê°€ìž¥ ìµœì‹  frame ì •ë³´ ì‚¬ìš©
[5.631s]       |                 [01;31m[K^~~~~~~~~~~~~~~~~~~~~~[m[K
[5.677s] [01m[K/home/avees/coordinator/src/coordinator.cpp:[m[K At global scope:
[5.677s] [01m[K/home/avees/coordinator/src/coordinator.cpp:90:6:[m[K [01;31m[Kerror: [m[Kno declaration matches â€˜[01m[Kvoid Coordinator::update_available_nodes()[m[Kâ€™
[5.677s]    90 | void [01;31m[KCoordinator[m[K::update_available_nodes()
[5.677s]       |      [01;31m[K^~~~~~~~~~~[m[K
[5.677s] [01m[K/home/avees/coordinator/src/coordinator.cpp:90:6:[m[K [01;36m[Knote: [m[Kno functions named â€˜[01m[Kvoid Coordinator::update_available_nodes()[m[Kâ€™
[5.678s] In file included from [01m[K/home/avees/coordinator/src/coordinator.cpp:1[m[K:
[5.678s] [01m[K/home/avees/coordinator/include/coordinator/coordinator.hpp:26:7:[m[K [01;36m[Knote: [m[Kâ€˜[01m[Kclass Coordinator[m[Kâ€™ defined here
[5.678s]    26 | class [01;36m[KCoordinator[m[K : public rclcpp::Node, public std::enable_shared_from_this<Coordinator>
[5.678s]       |       [01;36m[K^~~~~~~~~~~[m[K
[5.706s] [01m[K/home/avees/coordinator/src/coordinator.cpp:[m[K In member function â€˜[01m[Kvoid Coordinator::split_scheduling()[m[Kâ€™:
[5.707s] [01m[K/home/avees/coordinator/src/coordinator.cpp:212:24:[m[K [01;31m[Kerror: [m[Kâ€˜[01m[Kcached_available_nodes_[m[Kâ€™ was not declared in this scope
[5.707s]   212 |     auto avail_nodes = [01;31m[Kcached_available_nodes_[m[K;
[5.707s]       |                        [01;31m[K^~~~~~~~~~~~~~~~~~~~~~~[m[K
[5.752s] [01m[K/home/avees/coordinator/src/coordinator.cpp:257:17:[m[K [01;31m[Kerror: [m[Kâ€˜[01m[Kready_map_[m[Kâ€™ was not declared in this scope
[5.752s]   257 |             if ([01;31m[Kready_map_[m[K.find(node_index) != ready_map_.end())
[5.753s]       |                 [01;31m[K^~~~~~~~~~[m[K
[14.767s] make[2]: *** [CMakeFiles/coordinator_node.dir/build.make:76: CMakeFiles/coordinator_node.dir/src/coordinator.cpp.o] Error 1
[14.768s] make[1]: *** [CMakeFiles/Makefile2:78: CMakeFiles/coordinator_node.dir/all] Error 2
[14.768s] make: *** [Makefile:141: all] Error 2
[14.775s] Invoked command in '/home/avees/coordinator/build/coordinator' returned '2': CMAKE_PREFIX_PATH=/opt/ros/foxy /usr/bin/cmake --build /home/avees/coordinator/build/coordinator -- -j6 -l6
