[0.031s] Invoking command in '/home/avees/coordinator/build/coordinator': CMAKE_PREFIX_PATH=${CMAKE_PREFIX_PATH}:/opt/ros/foxy /usr/bin/cmake --build /home/avees/coordinator/build/coordinator -- -j6 -l6
[0.138s] [35m[1mScanning dependencies of target coordinator_node[0m
[0.237s] [  6%] [32mBuilding CXX object CMakeFiles/coordinator_node.dir/src/main.cpp.o[0m
[0.237s] [  6%] [32mBuilding CXX object CMakeFiles/coordinator_node.dir/src/coordinator.cpp.o[0m
[5.003s] [01m[K/home/avees/coordinator/src/coordinator.cpp:100:10:[m[K [01;31m[Kerror: [m[Kâ€˜[01m[KMonoCameraNode[m[Kâ€™ has not been declared
[5.003s]   100 | uint64_t [01;31m[KMonoCameraNode[m[K::get_time_in_ms() {
[5.004s]       |          [01;31m[K^~~~~~~~~~~~~~[m[K
[5.004s] [01m[K/home/avees/coordinator/src/coordinator.cpp:[m[K In function â€˜[01m[Kuint64_t get_time_in_ms()[m[Kâ€™:
[5.004s] [01m[K/home/avees/coordinator/src/coordinator.cpp:101:22:[m[K [01;31m[Kerror: [m[Kinvalid use of â€˜[01m[Kthis[m[Kâ€™ in non-member function
[5.004s]   101 |   rclcpp::Time now = [01;31m[Kthis[m[K->get_clock()->now();
[5.004s]       |                      [01;31m[K^~~~[m[K
[10.249s] make[2]: *** [CMakeFiles/coordinator_node.dir/build.make:76: CMakeFiles/coordinator_node.dir/src/coordinator.cpp.o] Error 1
[10.250s] make[1]: *** [CMakeFiles/Makefile2:78: CMakeFiles/coordinator_node.dir/all] Error 2
[10.250s] make: *** [Makefile:141: all] Error 2
[10.257s] Invoked command in '/home/avees/coordinator/build/coordinator' returned '2': CMAKE_PREFIX_PATH=${CMAKE_PREFIX_PATH}:/opt/ros/foxy /usr/bin/cmake --build /home/avees/coordinator/build/coordinator -- -j6 -l6
