[01m[K/home/avees/coordinator/src/coordinator.cpp:[m[K In member function â€˜[01m[Kvoid Coordinator::LoadParams()[m[Kâ€™:
[01m[K/home/avees/coordinator/src/coordinator.cpp:29:3:[m[K [01;31m[Kerror: [m[Kâ€˜[01m[Kfps_[m[Kâ€™ was not declared in this scope; did you mean â€˜[01m[Kfpos_t[m[Kâ€™?
   29 |   [01;31m[Kfps_[m[K = this->declare_parameter("AcquisitionFrameRateAbs", 30);
      |   [01;31m[K^~~~[m[K
      |   [32m[Kfpos_t[m[K
[01m[K/home/avees/coordinator/src/coordinator.cpp:[m[K In member function â€˜[01m[Kvoid Coordinator::Start()[m[Kâ€™:
[01m[K/home/avees/coordinator/src/coordinator.cpp:40:54:[m[K [01;31m[Kerror: [m[Kâ€˜[01m[Kfps_[m[Kâ€™ was not declared in this scope; did you mean â€˜[01m[Kfpos_t[m[Kâ€™?
   40 |   cam_.start(ip_, guid_, frame_id_, camera_info_url_,[01;31m[Kfps_[m[K);
      |                                                      [01;31m[K^~~~[m[K
      |                                                      [32m[Kfpos_t[m[K
make[2]: *** [CMakeFiles/coordinator_node.dir/build.make:76: CMakeFiles/coordinator_node.dir/src/coordinator.cpp.o] Error 1
make[1]: *** [CMakeFiles/Makefile2:78: CMakeFiles/coordinator_node.dir/all] Error 2
make: *** [Makefile:141: all] Error 2
