[35m[1mScanning dependencies of target coordinator_node[0m
[  3%] [32mBuilding CXX object CMakeFiles/coordinator_node.dir/src/coordinator.cpp.o[0m
[01m[K/home/avees/coordinator_node/src/coordinator/src/coordinator.cpp:[m[K In lambda function:
[01m[K/home/avees/coordinator_node/src/coordinator/src/coordinator.cpp:44:22:[m[K [01;35m[Kwarning: [m[Kvariable â€˜[01m[Kdo_split[m[Kâ€™ set but not used [[01;35m[K-Wunused-but-set-variable[m[K]
   44 |                 bool [01;35m[Kdo_split[m[K = false;
      |                      [01;35m[K^~~~~~~~[m[K
[01m[K/home/avees/coordinator_node/src/coordinator/src/coordinator.cpp:[m[K In member function â€˜[01m[Kvoid Coordinator::FrameCallback(const FramePtr&)[m[Kâ€™:
[01m[K/home/avees/coordinator_node/src/coordinator/src/coordinator.cpp:343:17:[m[K [01;31m[Kerror: [m[Kâ€˜[01m[Kdo_split[m[Kâ€™ was not declared in this scope
  343 |             if ([01;31m[Kdo_split[m[K)
      |                 [01;31m[K^~~~~~~~[m[K
make[2]: *** [CMakeFiles/coordinator_node.dir/build.make:76: CMakeFiles/coordinator_node.dir/src/coordinator.cpp.o] Error 1
make[1]: *** [CMakeFiles/Makefile2:78: CMakeFiles/coordinator_node.dir/all] Error 2
make: *** [Makefile:141: all] Error 2
