[0.031s] Invoking command in '/home/avees/coordinator/build/coordinator': CMAKE_PREFIX_PATH=${CMAKE_PREFIX_PATH}:/opt/ros/foxy /usr/bin/cmake --build /home/avees/coordinator/build/coordinator -- -j6 -l6
[0.135s] [35m[1mScanning dependencies of target coordinator_node[0m
[0.225s] [  3%] [32mBuilding CXX object CMakeFiles/coordinator_node.dir/src/coordinator.cpp.o[0m
[4.667s] [01m[K/home/avees/coordinator/src/coordinator.cpp:[m[K In member function â€˜[01m[Kvoid Coordinator::FrameCallback(const FramePtr&)[m[Kâ€™:
[4.668s] [01m[K/home/avees/coordinator/src/coordinator.cpp:188:8:[m[K [01;31m[Kerror: [m[Kâ€˜[01m[Kstruct TimestampData[m[Kâ€™ has no member named â€˜[01m[Kstart_framecallback[m[Kâ€™
[4.668s]   188 |     ts.[01;31m[Kstart_framecallback[m[K = get_time_in_ms();
[4.668s]       |        [01;31m[K^~~~~~~~~~~~~~~~~~~[m[K
[4.668s] [01m[K/home/avees/coordinator/src/coordinator.cpp:[m[K In member function â€˜[01m[Kvoid Coordinator::split_scheduling()[m[Kâ€™:
[4.669s] [01m[K/home/avees/coordinator/src/coordinator.cpp:210:8:[m[K [01;31m[Kerror: [m[Kâ€˜[01m[Kstruct TimestampData[m[Kâ€™ has no member named â€˜[01m[Kstart_split_preprocess[m[Kâ€™
[4.669s]   210 |     ts.[01;31m[Kstart_split_preprocess[m[K = get_time_in_ms();
[4.669s]       |        [01;31m[K^~~~~~~~~~~~~~~~~~~~~~[m[K
[4.669s] [01m[K/home/avees/coordinator/src/coordinator.cpp:228:8:[m[K [01;31m[Kerror: [m[Kâ€˜[01m[Kstruct TimestampData[m[Kâ€™ has no member named â€˜[01m[Kend_split_preprocess[m[Kâ€™
[4.669s]   228 |     ts.[01;31m[Kend_split_preprocess[m[K = get_time_in_ms();
[4.669s]       |        [01;31m[K^~~~~~~~~~~~~~~~~~~~[m[K
[4.720s] [01m[K/home/avees/coordinator/src/coordinator.cpp:[m[K In member function â€˜[01m[Kvoid Coordinator::SaveTimestamp(const TimestampData&)[m[Kâ€™:
[4.720s] [01m[K/home/avees/coordinator/src/coordinator.cpp:297:28:[m[K [01;31m[Kerror: [m[Kâ€˜[01m[Kconst struct TimestampData[m[Kâ€™ has no member named â€˜[01m[Kstart_framecallback[m[Kâ€™
[4.720s]   297 |         csv_file_ << data. [01;31m[Kstart_framecallback[m[K << ","
[4.721s]       |                            [01;31m[K^~~~~~~~~~~~~~~~~~~[m[K
[4.721s] [01m[K/home/avees/coordinator/src/coordinator.cpp:302:27:[m[K [01;31m[Kerror: [m[Kâ€˜[01m[Kconst struct TimestampData[m[Kâ€™ has no member named â€˜[01m[Kstart_split_preprocess[m[Kâ€™
[4.721s]   302 |                   << data.[01;31m[Kstart_split_preprocess[m[K << ","
[4.721s]       |                           [01;31m[K^~~~~~~~~~~~~~~~~~~~~~[m[K
[4.721s] [01m[K/home/avees/coordinator/src/coordinator.cpp:303:28:[m[K [01;31m[Kerror: [m[Kâ€˜[01m[Kconst struct TimestampData[m[Kâ€™ has no member named â€˜[01m[Kend_split_preprocess[m[Kâ€™
[4.721s]   303 |                   << (data.[01;31m[Kend_split_preprocess[m[K - data.start_split_preprocess) << ","
[4.722s]       |                            [01;31m[K^~~~~~~~~~~~~~~~~~~~[m[K
[4.722s] [01m[K/home/avees/coordinator/src/coordinator.cpp:303:56:[m[K [01;31m[Kerror: [m[Kâ€˜[01m[Kconst struct TimestampData[m[Kâ€™ has no member named â€˜[01m[Kstart_split_preprocess[m[Kâ€™
[4.722s]   303 |                   << (data.end_split_preprocess - data.[01;31m[Kstart_split_preprocess[m[K) << ","
[4.722s]       |                                                        [01;31m[K^~~~~~~~~~~~~~~~~~~~~~[m[K
[4.722s] [01m[K/home/avees/coordinator/src/coordinator.cpp:304:27:[m[K [01;31m[Kerror: [m[Kâ€˜[01m[Kconst struct TimestampData[m[Kâ€™ has no member named â€˜[01m[Kend_split_preprocess[m[Kâ€™
[4.722s]   304 |                   << data.[01;31m[Kend_split_preprocess[m[K << ","
[4.722s]       |                           [01;31m[K^~~~~~~~~~~~~~~~~~~~[m[K
[9.722s] make[2]: *** [CMakeFiles/coordinator_node.dir/build.make:76: CMakeFiles/coordinator_node.dir/src/coordinator.cpp.o] Error 1
[9.723s] make[1]: *** [CMakeFiles/Makefile2:78: CMakeFiles/coordinator_node.dir/all] Error 2
[9.723s] make: *** [Makefile:141: all] Error 2
[9.729s] Invoked command in '/home/avees/coordinator/build/coordinator' returned '2': CMAKE_PREFIX_PATH=${CMAKE_PREFIX_PATH}:/opt/ros/foxy /usr/bin/cmake --build /home/avees/coordinator/build/coordinator -- -j6 -l6
