[01m[K/home/avees/coordinator_node/src/coordinator/src/coordinator.cpp:[m[K In lambda function:
[01m[K/home/avees/coordinator_node/src/coordinator/src/coordinator.cpp:50:39:[m[K [01;31m[Kerror: [m[Krequest for member â€˜[01m[Knanoseconds[m[Kâ€™ in â€˜[01m[Kcurrent_frame_[m[Kâ€™, which is of non-class type â€˜[01m[Kuint64_t[m[Kâ€™ {aka â€˜[01m[Klong unsigned int[m[Kâ€™}
   50 |                     if(current_frame_.[01;31m[Knanoseconds[m[K() == 0 || current_frame_ == new_frame_)
      |                                       [01;31m[K^~~~~~~~~~~[m[K
[01m[K/home/avees/coordinator_node/src/coordinator/src/coordinator.cpp:55:53:[m[K [01;31m[Kerror: [m[Kâ€˜[01m[Kns[m[Kâ€™ was not declared in this scope; did you mean â€˜[01m[Kts[m[Kâ€™?
   55 |                             current_frame_ns_.store([01;31m[Kns[m[K, std::memory_order_relaxed);
      |                                                     [01;31m[K^~[m[K
      |                                                     [32m[Kts[m[K
[01m[K/home/avees/coordinator_node/src/coordinator/src/coordinator.cpp:59:75:[m[K [01;31m[Kerror: [m[Kâ€˜[01m[Kcur_ns[m[Kâ€™ was not declared in this scope
   59 |                                 split_scheduling(ready_node, rclcpp::Time([01;31m[Kcur_ns[m[K));
      |                                                                           [01;31m[K^~~~~~[m[K
[01m[K/home/avees/coordinator_node/src/coordinator/src/coordinator.cpp:78:71:[m[K [01;31m[Kerror: [m[Kâ€˜[01m[Kcur_ns[m[Kâ€™ was not declared in this scope
   78 |                             split_scheduling(ready_node, rclcpp::Time([01;31m[Kcur_ns[m[K));
      |                                                                       [01;31m[K^~~~~~[m[K
make[2]: *** [CMakeFiles/coordinator_node.dir/build.make:76: CMakeFiles/coordinator_node.dir/src/coordinator.cpp.o] Error 1
make[1]: *** [CMakeFiles/Makefile2:78: CMakeFiles/coordinator_node.dir/all] Error 2
make: *** [Makefile:141: all] Error 2
