[35m[1mScanning dependencies of target coordinator_node[0m
[  3%] [32mBuilding CXX object CMakeFiles/coordinator_node.dir/src/coordinator.cpp.o[0m
[01m[K/home/avees/coordinator_node/src/coordinator/src/coordinator.cpp:[m[K In lambda function:
[01m[K/home/avees/coordinator_node/src/coordinator/src/coordinator.cpp:50:39:[m[K [01;31m[Kerror: [m[Krequest for member â€˜[01m[Knanoseconds[m[Kâ€™ in â€˜[01m[Kcurrent_frame_[m[Kâ€™, which is of non-class type â€˜[01m[Kuint64_t[m[Kâ€™ {aka â€˜[01m[Klong unsigned int[m[Kâ€™}
   50 |                     if(current_frame_.[01;31m[Knanoseconds[m[K() == 0 || current_frame_ == new_frame_)
      |                                       [01;31m[K^~~~~~~~~~~[m[K
make[2]: *** [CMakeFiles/coordinator_node.dir/build.make:76: CMakeFiles/coordinator_node.dir/src/coordinator.cpp.o] Error 1
make[1]: *** [CMakeFiles/Makefile2:78: CMakeFiles/coordinator_node.dir/all] Error 2
make: *** [Makefile:141: all] Error 2
