[0.032s] Invoking command in '/home/avees/coordinator/build/coordinator': CMAKE_PREFIX_PATH=${CMAKE_PREFIX_PATH}:/opt/ros/foxy /usr/bin/cmake --build /home/avees/coordinator/build/coordinator -- -j6 -l6
[0.276s] [35m[1mScanning dependencies of target coordinator_node[0m
[0.374s] [  6%] [32mBuilding CXX object CMakeFiles/coordinator_node.dir/src/coordinator.cpp.o[0m
[0.374s] [  6%] [32mBuilding CXX object CMakeFiles/coordinator_node.dir/src/main.cpp.o[0m
[5.002s] [01m[K/home/avees/coordinator/src/coordinator.cpp:[m[K In constructor â€˜[01m[KCoordinator::Coordinator()[m[Kâ€™:
[5.003s] [01m[K/home/avees/coordinator/src/coordinator.cpp:11:5:[m[K [01;31m[Kerror: [m[Kâ€˜[01m[Kcallback_group_reentrant_[m[Kâ€™ was not declared in this scope
[5.003s]    11 |     [01;31m[Kcallback_group_reentrant_[m[K = this->create_callback_group(rclcpp::CallbackGroupType::Reentrant);
[5.003s]       |     [01;31m[K^~~~~~~~~~~~~~~~~~~~~~~~~[m[K
[5.023s] [01m[K/home/avees/coordinator/src/coordinator.cpp:[m[K In lambda function:
[5.024s] [01m[K/home/avees/coordinator/src/coordinator.cpp:53:25:[m[K [01;31m[Kerror: [m[Kâ€˜[01m[Kcallback_group_reentrant_[m[Kâ€™ is not captured
[5.024s]    53 |                         [01;31m[Kcallback_group_reentrant_[m[K
[5.024s]       |                         [01;31m[K^~~~~~~~~~~~~~~~~~~~~~~~~[m[K
[5.024s] [01m[K/home/avees/coordinator/src/coordinator.cpp:38:27:[m[K [01;36m[Knote: [m[Kthe lambda has no capture-default
[5.024s]    38 |             [this, node_id[01;36m[K][m[K(std_msgs::msg::Bool::SharedPtr msg)
[5.024s]       |                           [01;36m[K^[m[K
[5.024s] [01m[K/home/avees/coordinator/src/coordinator.cpp:11:5:[m[K [01;36m[Knote: [m[Kâ€˜[01m[K<typeprefixerror>callback_group_reentrant_[m[Kâ€™ declared here
[5.025s]    11 |     [01;36m[Kcallback_group_reentrant_[m[K = this->create_callback_group(rclcpp::CallbackGroupType::Reentrant);
[5.025s]       |     [01;36m[K^~~~~~~~~~~~~~~~~~~~~~~~~[m[K
[10.218s] make[2]: *** [CMakeFiles/coordinator_node.dir/build.make:76: CMakeFiles/coordinator_node.dir/src/coordinator.cpp.o] Error 1
[10.218s] make[1]: *** [CMakeFiles/Makefile2:78: CMakeFiles/coordinator_node.dir/all] Error 2
[10.218s] make: *** [Makefile:141: all] Error 2
[10.225s] Invoked command in '/home/avees/coordinator/build/coordinator' returned '2': CMAKE_PREFIX_PATH=${CMAKE_PREFIX_PATH}:/opt/ros/foxy /usr/bin/cmake --build /home/avees/coordinator/build/coordinator -- -j6 -l6
